<?xml version="1.0" encoding="UTF-8"?>
<!-- Generated by org.testng.reporters.JUnitXMLReporter -->
<testsuite ignored="1" hostname="DESKTOP-SALBTN0" failures="0" tests="3" name="GRP-Regration Testion,system Testion" time="0.117" errors="0" timestamp="19 Apr 2022 08:39:54 GMT">
  <testcase classname="GroupTestNG_Prog.Demo" name="Logo" time="0.026"/>
  <testcase classname="GroupTestNG_Prog.Demo" name="Search" time="0.003"/>
  <testcase classname="GroupTestNG_Prog.Demo" name="login" time="0.004"/>
  <testcase classname="GroupTestNG_Prog.Demo" name="Down" time="0.0">
    <ignored/>
  </testcase> <!-- Down -->
</testsuite> <!-- GRP-Regration Testion,system Testion -->
