<?xml version="1.0" encoding="UTF-8"?>
<!-- Generated by org.testng.reporters.JUnitXMLReporter -->
<testsuite ignored="2" hostname="DESKTOP-SALBTN0" failures="0" tests="2" name="GRP-Regration Testion" time="0.128" errors="0" timestamp="19 Apr 2022 08:14:48 GMT">
  <testcase classname="GroupTestNG_Prog.Demo" name="Logo" time="0.032"/>
  <testcase classname="GroupTestNG_Prog.Demo" name="login" time="0.003"/>
  <testcase classname="GroupTestNG_Prog.Demo" name="Down" time="0.0">
    <ignored/>
  </testcase> <!-- Down -->
  <testcase classname="GroupTestNG_Prog.Demo" name="Search" time="0.0">
    <ignored/>
  </testcase> <!-- Search -->
</testsuite> <!-- GRP-Regration Testion -->
